#
# There is insufficient memory for the Java Runtime Environment to continue.
# Native memory allocation (mmap) failed to map 234881024 bytes for G1 virtual space
# Possible reasons:
#   The system is out of physical RAM or swap space
#   The process is running with CompressedOops enabled, and the Java Heap may be blocking the growth of the native heap
# Possible solutions:
#   Reduce memory load on the system
#   Increase physical memory or swap space
#   Check if swap backing store is full
#   Decrease Java heap size (-Xmx/-Xms)
#   Decrease number of Java threads
#   Decrease Java thread stack sizes (-Xss)
#   Set larger code cache with -XX:ReservedCodeCacheSize=
#   JVM is running with Zero Based Compressed Oops mode in which the Java heap is
#     placed in the first 32GB address space. The Java Heap base address is the
#     maximum limit for the native heap growth. Please use -XX:HeapBaseMinAddress
#     to set the Java Heap base and to place the Java Heap above 32GB virtual address.
# This output file may be truncated or incomplete.
#
#  Out of Memory Error (os_windows.cpp:3769), pid=37800, tid=18620
#
# JRE version:  (17.0.6+10) (build )
# Java VM: OpenJDK 64-Bit Server VM (17.0.6+10-b829.5, mixed mode, sharing, tiered, compressed oops, compressed class ptrs, g1 gc, windows-amd64)
# No core dump will be written. Minidumps are not enabled by default on client versions of Windows
#

---------------  S U M M A R Y ------------

Command Line: git4idea.http.GitAskPassApp Username for 'https://github.com': 

Host: AMD Ryzen 5 3550H with Radeon Vega Mobile Gfx  , 8 cores, 13G,  Windows 11 , 64 bit Build 22621 (10.0.22621.3374)
Time: Tue May  7 10:41:19 2024 W. Europe Daylight Time elapsed time: 0.014486 seconds (0d 0h 0m 0s)

---------------  T H R E A D  ---------------

Current thread (0x0000026fefbe3fa0):  JavaThread "Unknown thread" [_thread_in_vm, id=18620, stack(0x000000f452a00000,0x000000f452b00000)]

Stack: [0x000000f452a00000,0x000000f452b00000]
Native frames: (J=compiled Java code, j=interpreted, Vv=VM code, C=native code)
V  [jvm.dll+0x683b4a]
V  [jvm.dll+0x842654]
V  [jvm.dll+0x843dfe]
V  [jvm.dll+0x844463]
V  [jvm.dll+0x249b75]
V  [jvm.dll+0x680a19]
V  [jvm.dll+0x674f0a]
V  [jvm.dll+0x309acb]
V  [jvm.dll+0x310f86]
V  [jvm.dll+0x3608ee]
V  [jvm.dll+0x360b1f]
V  [jvm.dll+0x2dfbf8]
V  [jvm.dll+0x2e0b64]
V  [jvm.dll+0x813f41]
V  [jvm.dll+0x36e6a1]
V  [jvm.dll+0x7f347c]
V  [jvm.dll+0x3f0e8f]
V  [jvm.dll+0x3f29d1]
C  [jli.dll+0x526b]
C  [ucrtbase.dll+0x29333]
C  [KERNEL32.DLL+0x1257d]
C  [ntdll.dll+0x5aa48]


---------------  P R O C E S S  ---------------

Threads class SMR info:
_java_thread_list=0x00007ff84f22c058, length=0, elements={
}

Java Threads: ( => current thread )

Other Threads:
  0x0000026fefc46600 GCTaskThread "GC Thread#0" [stack: 0x000000f452b00000,0x000000f452c00000] [id=27464]
  0x0000026fefc55360 ConcurrentGCThread "G1 Main Marker" [stack: 0x000000f452c00000,0x000000f452d00000] [id=33384]
  0x0000026fefc55c80 ConcurrentGCThread "G1 Conc#0" [stack: 0x000000f452d00000,0x000000f452e00000] [id=32604]

[error occurred during error reporting (printing all threads), id 0xc0000005, EXCEPTION_ACCESS_VIOLATION (0xc0000005) at pc=0x00007ff84e9e0797]

VM state: not at safepoint (not fully initialized)

VM Mutex/Monitor currently owned by a thread:  ([mutex/lock_event])
[0x0000026fefbe0580] Heap_lock - owner thread: 0x0000026fefbe3fa0

Heap address: 0x0000000720e00000, size: 3570 MB, Compressed Oops mode: Zero based, Oop shift amount: 3

CDS archive(s) mapped at: [0x0000000000000000-0x0000000000000000-0x0000000000000000), size 0, SharedBaseAddress: 0x0000000800000000, ArchiveRelocationMode: 0.
Narrow klass base: 0x0000000000000000, Narrow klass shift: 0, Narrow klass range: 0x0

GC Precious Log:
<Empty>

Heap:
 garbage-first heap   total 0K, used 0K [0x0000000720e00000, 0x0000000800000000)
  region size 2048K, 0 young (0K), 0 survivors (0K)

[error occurred during error reporting (printing heap information), id 0xc0000005, EXCEPTION_ACCESS_VIOLATION (0xc0000005) at pc=0x00007ff84edcd939]

GC Heap History (0 events):
No events

Dll operation events (1 events):
Event: 0.010 Loaded shared library C:\Program Files\JetBrains\WebStorm 2023.1\jbr\bin\java.dll

Deoptimization events (0 events):
No events

Classes unloaded (0 events):
No events

Classes redefined (0 events):
No events

Internal exceptions (0 events):
No events

VM Operations (0 events):
No events

Events (0 events):
No events


Dynamic libraries:
0x00007ff791d40000 - 0x00007ff791d4a000 	C:\Program Files\JetBrains\WebStorm 2023.1\jbr\bin\java.exe
0x00007ff8b3bf0000 - 0x00007ff8b3e06000 	C:\WINDOWS\SYSTEM32\ntdll.dll
0x00007ff8b1990000 - 0x00007ff8b1a54000 	C:\WINDOWS\System32\KERNEL32.DLL
0x00007ff8b1120000 - 0x00007ff8b14c7000 	C:\WINDOWS\System32\KERNELBASE.dll
0x00007ff8b0f10000 - 0x00007ff8b1021000 	C:\WINDOWS\System32\ucrtbase.dll
0x00007ff881100000 - 0x00007ff881117000 	C:\Program Files\JetBrains\WebStorm 2023.1\jbr\bin\jli.dll
0x00007ff8b3120000 - 0x00007ff8b32ce000 	C:\WINDOWS\System32\USER32.dll
0x00007ff89e3d0000 - 0x00007ff89e663000 	C:\WINDOWS\WinSxS\amd64_microsoft.windows.common-controls_6595b64144ccf1df_6.0.22621.3235_none_270f74e173860f98\COMCTL32.dll
0x00007ff8b1640000 - 0x00007ff8b1666000 	C:\WINDOWS\System32\win32u.dll
0x00007ff8b3680000 - 0x00007ff8b3727000 	C:\WINDOWS\System32\msvcrt.dll
0x00007ff8b2b10000 - 0x00007ff8b2b39000 	C:\WINDOWS\System32\GDI32.dll
0x00007ff8b1790000 - 0x00007ff8b18a9000 	C:\WINDOWS\System32\gdi32full.dll
0x00007ff8b16f0000 - 0x00007ff8b178a000 	C:\WINDOWS\System32\msvcp_win.dll
0x00007ff85e160000 - 0x00007ff85e17b000 	C:\Program Files\JetBrains\WebStorm 2023.1\jbr\bin\VCRUNTIME140.dll
0x00007ff8b1d50000 - 0x00007ff8b1d81000 	C:\WINDOWS\System32\IMM32.DLL
0x00007ff89ac10000 - 0x00007ff89ac1c000 	C:\Program Files\JetBrains\WebStorm 2023.1\jbr\bin\vcruntime140_1.dll
0x00007ff840750000 - 0x00007ff8407dd000 	C:\Program Files\JetBrains\WebStorm 2023.1\jbr\bin\msvcp140.dll
0x00007ff84e6f0000 - 0x00007ff84f35d000 	C:\Program Files\JetBrains\WebStorm 2023.1\jbr\bin\server\jvm.dll
0x00007ff8b3af0000 - 0x00007ff8b3ba2000 	C:\WINDOWS\System32\ADVAPI32.dll
0x00007ff8b1ae0000 - 0x00007ff8b1b88000 	C:\WINDOWS\System32\sechost.dll
0x00007ff8b10f0000 - 0x00007ff8b1118000 	C:\WINDOWS\System32\bcrypt.dll
0x00007ff8b29f0000 - 0x00007ff8b2b05000 	C:\WINDOWS\System32\RPCRT4.dll
0x00007ff88da20000 - 0x00007ff88da29000 	C:\WINDOWS\SYSTEM32\WSOCK32.dll
0x00007ff8a9040000 - 0x00007ff8a9074000 	C:\WINDOWS\SYSTEM32\WINMM.dll
0x00007ff8a9080000 - 0x00007ff8a908a000 	C:\WINDOWS\SYSTEM32\VERSION.dll
0x00007ff8b1a60000 - 0x00007ff8b1ad1000 	C:\WINDOWS\System32\WS2_32.dll
0x00007ff8aff20000 - 0x00007ff8aff38000 	C:\WINDOWS\SYSTEM32\kernel.appcore.dll
0x00007ff89ebe0000 - 0x00007ff89ebea000 	C:\Program Files\JetBrains\WebStorm 2023.1\jbr\bin\jimage.dll
0x00007ff8a0f10000 - 0x00007ff8a1143000 	C:\WINDOWS\SYSTEM32\DBGHELP.DLL
0x00007ff8b1df0000 - 0x00007ff8b2178000 	C:\WINDOWS\System32\combase.dll
0x00007ff8b3730000 - 0x00007ff8b3807000 	C:\WINDOWS\System32\OLEAUT32.dll
0x00007ff890030000 - 0x00007ff890062000 	C:\WINDOWS\SYSTEM32\dbgcore.DLL
0x00007ff8b1670000 - 0x00007ff8b16e9000 	C:\WINDOWS\System32\bcryptPrimitives.dll
0x00007ff881160000 - 0x00007ff881185000 	C:\Program Files\JetBrains\WebStorm 2023.1\jbr\bin\java.dll

dbghelp: loaded successfully - version: 4.0.5 - missing functions: none
symbol engine: initialized successfully - sym options: 0x614 - pdb path: .;C:\Program Files\JetBrains\WebStorm 2023.1\jbr\bin;C:\WINDOWS\SYSTEM32;C:\WINDOWS\WinSxS\amd64_microsoft.windows.common-controls_6595b64144ccf1df_6.0.22621.3235_none_270f74e173860f98;C:\Program Files\JetBrains\WebStorm 2023.1\jbr\bin\server

VM Arguments:
java_command: git4idea.http.GitAskPassApp Username for 'https://github.com': 
java_class_path (initial): C:/Program Files/JetBrains/WebStorm 2023.1/plugins/vcs-git/lib/git4idea-rt.jar;C:/Program Files/JetBrains/WebStorm 2023.1/lib/externalProcess-rt.jar
Launcher Type: SUN_STANDARD

[Global flags]
     intx CICompilerCount                          = 4                                         {product} {ergonomic}
     uint ConcGCThreads                            = 2                                         {product} {ergonomic}
     uint G1ConcRefinementThreads                  = 8                                         {product} {ergonomic}
   size_t G1HeapRegionSize                         = 2097152                                   {product} {ergonomic}
    uintx GCDrainStackTargetSize                   = 64                                        {product} {ergonomic}
   size_t InitialHeapSize                          = 234881024                                 {product} {ergonomic}
   size_t MarkStackSize                            = 4194304                                   {product} {ergonomic}
   size_t MaxHeapSize                              = 3743416320                                {product} {ergonomic}
   size_t MinHeapDeltaBytes                        = 2097152                                   {product} {ergonomic}
   size_t MinHeapSize                              = 8388608                                   {product} {ergonomic}
    uintx NonNMethodCodeHeapSize                   = 5839372                                {pd product} {ergonomic}
    uintx NonProfiledCodeHeapSize                  = 122909434                              {pd product} {ergonomic}
    uintx ProfiledCodeHeapSize                     = 122909434                              {pd product} {ergonomic}
    uintx ReservedCodeCacheSize                    = 251658240                              {pd product} {ergonomic}
     bool SegmentedCodeCache                       = true                                      {product} {ergonomic}
   size_t SoftMaxHeapSize                          = 3743416320                             {manageable} {ergonomic}
     bool UseCompressedClassPointers               = true                           {product lp64_product} {ergonomic}
     bool UseCompressedOops                        = true                           {product lp64_product} {ergonomic}
     bool UseG1GC                                  = true                                      {product} {ergonomic}
     bool UseLargePagesIndividualAllocation        = false                                  {pd product} {ergonomic}

Logging:
Log output configuration:
 #0: stdout all=warning uptime,level,tags
 #1: stderr all=off uptime,level,tags

Environment Variables:
PATH=C:\Program Files\Git\mingw64\libexec\git-core;C:\Program Files\Git\mingw64\libexec\git-core;C:\Program Files\Git\mingw64\bin;C:\Program Files\Git\usr\bin;C:\Users\47973\bin;C:\Program Files (x86)\Common Files\Oracle\Java\javapath;C:\Python311\Scripts;C:\Python311;C:\Windows\system32;C:\Windows;C:\Windows\System32\Wbem;C:\Windows\System32\WindowsPowerShell\v1.0;C:\Windows\System32\OpenSSH;C:\Program Files (x86)\NVIDIA Corporation\PhysX\Common;C:\Program Files\NVIDIA Corporation\NVIDIA NvDLISR;C:\WINDOWS\system32;C:\WINDOWS;C:\WINDOWS\System32\Wbem;C:\WINDOWS\System32\WindowsPowerShell\v1.0;C:\WINDOWS\System32\OpenSSH;C:\Program Files\Git\cmd;C:\Program Files\Java\jdk-18.0.1\bin;C:\Program Files\nodejs;C:\ProgramData\chocolatey\bin;C:\Program Files\Docker\Docker\resources\bin;C:\Program Files\MySQL\MySQL Server 8.0\bin;C:\Program Files\dotnet;C:\Program Files (x86)\Common Files\Oracle\Java\javapath;C:\Python311\Scripts;C:\Python311;C:\Windows\system32;C:\Windows;C:\Windows\System32\Wbem;C:\Windows\System32\WindowsPowerShell\v1.0;C:\Windows\System32\OpenSSH;C:\Program Files (x86)\NVIDIA Corporation\PhysX\Common;C:\Program Files\NVIDIA Corporation\NVIDIA NvDLISR;C:\WINDOWS\system32;C:\WINDOWS;C:\WINDOWS\System32\Wbem;C:\WINDOWS\System32\WindowsPowerShell\v1.0;C:\WINDOWS\System32\OpenSSH;C:\Program Files\Git\cmd;C:\Program Files\Java\jdk-18.0.1\bin;C:\Program Files\nodejs;C:\ProgramData\chocolatey\bin;C:\Program Files\Docker\Docker\resources\bin;C:\Program Files\MySQL\MySQL Server 8.0\bin;C:\Program Files\dotnet;C:\Users\47973\AppData\Local\Microsoft\WindowsApps;C:\Users\47973\AppData\Local\GitHubDesktop\bin;C:\hax\Microsoft VS Code\bin;C:\Users\47973\AppData\Roaming\npm;C:\minikube
USERNAME=47973
DISPLAY=:0.0
LC_ALL=en_US.UTF-8
TERM=cygwin
TMPDIR=C:\Users\47973\AppData\Local\Temp
OS=Windows_NT
PROCESSOR_IDENTIFIER=AMD64 Family 23 Model 24 Stepping 1, AuthenticAMD
TMP=C:\Users\47973\AppData\Local\Temp
TEMP=C:\Users\47973\AppData\Local\Temp



---------------  S Y S T E M  ---------------

OS:
 Windows 11 , 64 bit Build 22621 (10.0.22621.3374)
OS uptime: 13 days 23:56 hours
Hyper-V role detected

CPU: total 8 (initial active 8) (8 cores per cpu, 2 threads per core) family 23 model 24 stepping 1 microcode 0x0, cx8, cmov, fxsr, ht, mmx, 3dnowpref, sse, sse2, sse3, ssse3, sse4a, sse4.1, sse4.2, popcnt, lzcnt, tsc, tscinvbit, avx, avx2, aes, clmul, bmi1, bmi2, adx, sha, fma, vzeroupper, clflush, clflushopt, hv

Memory: 4k page, system-wide physical 14272M (2090M free)
TotalPageFile size 57280M (AvailPageFile size 9M)
current process WorkingSet (physical memory assigned to process): 11M, peak: 11M
current process commit charge ("private bytes"): 60M, peak: 284M

vm_info: OpenJDK 64-Bit Server VM (17.0.6+10-b829.5) for windows-amd64 JRE (17.0.6+10-b829.5), built on 2023-02-24 by "builduser" with MS VC++ 16.10 / 16.11 (VS2019)

END.
